<?xml version="1.0" encoding="UTF-8"?>
<!-- Generated by org.testng.reporters.JUnitXMLReporter -->
<testsuite ignored="0" hostname="LT-LZ-0230" failures="0" tests="3" name="ThreadLocal Parallel Execution" time="21.174" errors="0" timestamp="2025-07-25T17:17:46 IST">
  <testcase classname="threadlocal.ParallelActions" name="ecuadorDispatchLogin" time="9.667"/>
  <testcase classname="threadlocal.ParallelActions" name="costaricaDispatchLogin" time="9.851"/>
  <testcase classname="threadlocal.ParallelActions" name="colombiaDispatchLogin" time="12.901"/>
</testsuite> <!-- ThreadLocal Parallel Execution -->
