<?xml version="1.0" encoding="UTF-8"?>
<!-- Generated by org.testng.reporters.JUnitXMLReporter -->
<testsuite ignored="0" hostname="LT-LZ-0230" failures="0" tests="8" name="Default test" time="26.592" errors="0" timestamp="2025-09-19T17:41:35 IST">
  <testcase classname="extentreport.ExtentReportInfoAdd" name="testBlockItalic" time="0.02"/>
  <testcase classname="extentreport.ExtentReportInfoAdd" name="testException" time="0.003"/>
  <testcase classname="extentreport.ExtentReportInfoAdd" name="testJson" time="0.139"/>
  <testcase classname="extentreport.ExtentReportInfoAdd" name="testListData" time="0.007"/>
  <testcase classname="extentreport.ExtentReportInfoAdd" name="testMapData" time="0.003"/>
  <testcase classname="extentreport.ExtentReportInfoAdd" name="testSSCapture" time="19.595"/>
  <testcase classname="extentreport.ExtentReportInfoAdd" name="testSetData" time="0.002"/>
  <testcase classname="extentreport.ExtentReportInfoAdd" name="testXml" time="0.003"/>
</testsuite> <!-- Default test -->
